13:36:56,049  INFO ClassPathXmlApplicationContext:495 - Refreshing org.springframework.context.support.ClassPathXmlApplicationContext@442a15cd: startup date [Tue Jan 07 13:36:56 GMT+05:30 2014]; root of context hierarchy
13:36:56,101  INFO XmlBeanDefinitionReader:315 - Loading XML bean definitions from class path resource [application-Context.xml]
13:37:36,006  INFO ClassPathXmlApplicationContext:495 - Refreshing org.springframework.context.support.ClassPathXmlApplicationContext@3934f69a: startup date [Tue Jan 07 13:37:36 GMT+05:30 2014]; root of context hierarchy
13:37:36,062  INFO XmlBeanDefinitionReader:315 - Loading XML bean definitions from class path resource [application-Context.xml]
13:37:36,411  INFO PropertyPlaceholderConfigurer:177 - Loading properties file from class path resource [application.properties]
13:37:36,422  INFO DefaultListableBeanFactory:557 - Pre-instantiating singletons in org.springframework.beans.factory.support.DefaultListableBeanFactory@53343ed0: defining beans [org.springframework.beans.factory.config.PropertyPlaceholderConfigurer#0,fieldContextProcessor,documentContextProcessor,documentBuilderFactory,documentBuilder,xPathFactory,xPath]; root of factory hierarchy
13:37:36,423  INFO DefaultListableBeanFactory:433 - Destroying singletons in org.springframework.beans.factory.support.DefaultListableBeanFactory@53343ed0: defining beans [org.springframework.beans.factory.config.PropertyPlaceholderConfigurer#0,fieldContextProcessor,documentContextProcessor,documentBuilderFactory,documentBuilder,xPathFactory,xPath]; root of factory hierarchy
13:38:18,927  INFO ClassPathXmlApplicationContext:495 - Refreshing org.springframework.context.support.ClassPathXmlApplicationContext@442a15cd: startup date [Tue Jan 07 13:38:18 GMT+05:30 2014]; root of context hierarchy
13:38:18,978  INFO XmlBeanDefinitionReader:315 - Loading XML bean definitions from class path resource [application-Context.xml]
13:38:19,281  INFO PropertyPlaceholderConfigurer:177 - Loading properties file from class path resource [application.properties]
13:38:19,292  INFO DefaultListableBeanFactory:557 - Pre-instantiating singletons in org.springframework.beans.factory.support.DefaultListableBeanFactory@b07f45d: defining beans [org.springframework.beans.factory.config.PropertyPlaceholderConfigurer#0,fieldContextProcessor,documentContextProcessor,documentBuilderFactory,documentBuilder,xPathFactory,xPath]; root of factory hierarchy
13:38:19,293  INFO DefaultListableBeanFactory:433 - Destroying singletons in org.springframework.beans.factory.support.DefaultListableBeanFactory@b07f45d: defining beans [org.springframework.beans.factory.config.PropertyPlaceholderConfigurer#0,fieldContextProcessor,documentContextProcessor,documentBuilderFactory,documentBuilder,xPathFactory,xPath]; root of factory hierarchy
13:40:15,278  INFO ClassPathXmlApplicationContext:495 - Refreshing org.springframework.context.support.ClassPathXmlApplicationContext@442a15cd: startup date [Tue Jan 07 13:40:15 GMT+05:30 2014]; root of context hierarchy
13:40:15,330  INFO XmlBeanDefinitionReader:315 - Loading XML bean definitions from class path resource [application-Context.xml]
13:40:15,629  INFO PropertyPlaceholderConfigurer:177 - Loading properties file from class path resource [application.properties]
13:40:15,640  INFO DefaultListableBeanFactory:557 - Pre-instantiating singletons in org.springframework.beans.factory.support.DefaultListableBeanFactory@b07f45d: defining beans [org.springframework.beans.factory.config.PropertyPlaceholderConfigurer#0,fieldContextProcessor,documentContextProcessor,documentBuilderFactory,documentBuilder,xPathFactory,xPath]; root of factory hierarchy
13:40:15,745  INFO DefaultListableBeanFactory:433 - Destroying singletons in org.springframework.beans.factory.support.DefaultListableBeanFactory@b07f45d: defining beans [org.springframework.beans.factory.config.PropertyPlaceholderConfigurer#0,fieldContextProcessor,documentContextProcessor,documentBuilderFactory,documentBuilder,xPathFactory,xPath]; root of factory hierarchy
13:43:13,182  INFO ClassPathXmlApplicationContext:495 - Refreshing org.springframework.context.support.ClassPathXmlApplicationContext@442a15cd: startup date [Tue Jan 07 13:43:13 GMT+05:30 2014]; root of context hierarchy
13:43:13,235  INFO XmlBeanDefinitionReader:315 - Loading XML bean definitions from class path resource [application-Context.xml]
13:43:13,531  INFO PropertyPlaceholderConfigurer:177 - Loading properties file from class path resource [application.properties]
13:43:13,542  INFO DefaultListableBeanFactory:557 - Pre-instantiating singletons in org.springframework.beans.factory.support.DefaultListableBeanFactory@b07f45d: defining beans [org.springframework.beans.factory.config.PropertyPlaceholderConfigurer#0,fieldContextProcessor,documentContextProcessor,documentBuilderFactory,documentBuilder,xPathFactory,xPath]; root of factory hierarchy
13:43:13,571  INFO DefaultListableBeanFactory:433 - Destroying singletons in org.springframework.beans.factory.support.DefaultListableBeanFactory@b07f45d: defining beans [org.springframework.beans.factory.config.PropertyPlaceholderConfigurer#0,fieldContextProcessor,documentContextProcessor,documentBuilderFactory,documentBuilder,xPathFactory,xPath]; root of factory hierarchy
13:44:31,821  INFO ClassPathXmlApplicationContext:495 - Refreshing org.springframework.context.support.ClassPathXmlApplicationContext@442a15cd: startup date [Tue Jan 07 13:44:31 GMT+05:30 2014]; root of context hierarchy
13:44:31,874  INFO XmlBeanDefinitionReader:315 - Loading XML bean definitions from class path resource [application-Context.xml]
13:44:32,170  INFO PropertyPlaceholderConfigurer:177 - Loading properties file from class path resource [application.properties]
13:44:32,181  INFO DefaultListableBeanFactory:557 - Pre-instantiating singletons in org.springframework.beans.factory.support.DefaultListableBeanFactory@b07f45d: defining beans [org.springframework.beans.factory.config.PropertyPlaceholderConfigurer#0,fieldContextProcessor,documentContextProcessor,documentBuilderFactory,documentBuilder,xPathFactory,xPath]; root of factory hierarchy
13:44:32,213  INFO DefaultListableBeanFactory:433 - Destroying singletons in org.springframework.beans.factory.support.DefaultListableBeanFactory@b07f45d: defining beans [org.springframework.beans.factory.config.PropertyPlaceholderConfigurer#0,fieldContextProcessor,documentContextProcessor,documentBuilderFactory,documentBuilder,xPathFactory,xPath]; root of factory hierarchy
13:46:06,644  INFO ClassPathXmlApplicationContext:495 - Refreshing org.springframework.context.support.ClassPathXmlApplicationContext@26fd68b1: startup date [Tue Jan 07 13:46:06 GMT+05:30 2014]; root of context hierarchy
13:46:06,695  INFO XmlBeanDefinitionReader:315 - Loading XML bean definitions from class path resource [application-Context.xml]
13:46:06,994  INFO PropertyPlaceholderConfigurer:177 - Loading properties file from class path resource [application.properties]
13:46:07,005  INFO DefaultListableBeanFactory:557 - Pre-instantiating singletons in org.springframework.beans.factory.support.DefaultListableBeanFactory@373c0b53: defining beans [org.springframework.beans.factory.config.PropertyPlaceholderConfigurer#0,fieldContextProcessor,documentContextProcessor,documentBuilderFactory,documentBuilder,xPathFactory,xPath]; root of factory hierarchy
13:46:07,034  INFO DefaultListableBeanFactory:433 - Destroying singletons in org.springframework.beans.factory.support.DefaultListableBeanFactory@373c0b53: defining beans [org.springframework.beans.factory.config.PropertyPlaceholderConfigurer#0,fieldContextProcessor,documentContextProcessor,documentBuilderFactory,documentBuilder,xPathFactory,xPath]; root of factory hierarchy
13:49:49,398  INFO ClassPathXmlApplicationContext:495 - Refreshing org.springframework.context.support.ClassPathXmlApplicationContext@3934f69a: startup date [Tue Jan 07 13:49:49 GMT+05:30 2014]; root of context hierarchy
13:49:49,454  INFO XmlBeanDefinitionReader:315 - Loading XML bean definitions from class path resource [application-Context.xml]
13:49:49,755  INFO PropertyPlaceholderConfigurer:177 - Loading properties file from class path resource [application.properties]
13:49:49,765  INFO DefaultListableBeanFactory:557 - Pre-instantiating singletons in org.springframework.beans.factory.support.DefaultListableBeanFactory@b07f45d: defining beans [org.springframework.beans.factory.config.PropertyPlaceholderConfigurer#0,fieldContextProcessor,documentContextProcessor,documentBuilderFactory,documentBuilder,xPathFactory,xPath]; root of factory hierarchy
13:49:49,795  INFO DefaultListableBeanFactory:433 - Destroying singletons in org.springframework.beans.factory.support.DefaultListableBeanFactory@b07f45d: defining beans [org.springframework.beans.factory.config.PropertyPlaceholderConfigurer#0,fieldContextProcessor,documentContextProcessor,documentBuilderFactory,documentBuilder,xPathFactory,xPath]; root of factory hierarchy
13:53:34,225  INFO ClassPathXmlApplicationContext:495 - Refreshing org.springframework.context.support.ClassPathXmlApplicationContext@442a15cd: startup date [Tue Jan 07 13:53:34 GMT+05:30 2014]; root of context hierarchy
13:53:34,276  INFO XmlBeanDefinitionReader:315 - Loading XML bean definitions from class path resource [application-Context.xml]
13:53:34,583  INFO PropertyPlaceholderConfigurer:177 - Loading properties file from class path resource [application.properties]
13:53:34,594  INFO DefaultListableBeanFactory:557 - Pre-instantiating singletons in org.springframework.beans.factory.support.DefaultListableBeanFactory@373c0b53: defining beans [org.springframework.beans.factory.config.PropertyPlaceholderConfigurer#0,fieldContextProcessor,documentContextProcessor,documentBuilderFactory,documentBuilder,xPathFactory,xPath]; root of factory hierarchy
13:53:34,625  INFO DefaultListableBeanFactory:433 - Destroying singletons in org.springframework.beans.factory.support.DefaultListableBeanFactory@373c0b53: defining beans [org.springframework.beans.factory.config.PropertyPlaceholderConfigurer#0,fieldContextProcessor,documentContextProcessor,documentBuilderFactory,documentBuilder,xPathFactory,xPath]; root of factory hierarchy
13:53:48,469  INFO ClassPathXmlApplicationContext:495 - Refreshing org.springframework.context.support.ClassPathXmlApplicationContext@3934f69a: startup date [Tue Jan 07 13:53:48 GMT+05:30 2014]; root of context hierarchy
13:53:48,527  INFO XmlBeanDefinitionReader:315 - Loading XML bean definitions from class path resource [application-Context.xml]
13:53:48,824  INFO PropertyPlaceholderConfigurer:177 - Loading properties file from class path resource [application.properties]
13:53:48,835  INFO DefaultListableBeanFactory:557 - Pre-instantiating singletons in org.springframework.beans.factory.support.DefaultListableBeanFactory@b07f45d: defining beans [org.springframework.beans.factory.config.PropertyPlaceholderConfigurer#0,fieldContextProcessor,documentContextProcessor,documentBuilderFactory,documentBuilder,xPathFactory,xPath]; root of factory hierarchy
13:53:48,862  INFO DefaultListableBeanFactory:433 - Destroying singletons in org.springframework.beans.factory.support.DefaultListableBeanFactory@b07f45d: defining beans [org.springframework.beans.factory.config.PropertyPlaceholderConfigurer#0,fieldContextProcessor,documentContextProcessor,documentBuilderFactory,documentBuilder,xPathFactory,xPath]; root of factory hierarchy
13:56:26,026  INFO ClassPathXmlApplicationContext:495 - Refreshing org.springframework.context.support.ClassPathXmlApplicationContext@442a15cd: startup date [Tue Jan 07 13:56:26 GMT+05:30 2014]; root of context hierarchy
13:56:26,085  INFO XmlBeanDefinitionReader:315 - Loading XML bean definitions from class path resource [application-Context.xml]
13:56:26,399  INFO PropertyPlaceholderConfigurer:177 - Loading properties file from class path resource [application.properties]
13:56:26,410  INFO DefaultListableBeanFactory:557 - Pre-instantiating singletons in org.springframework.beans.factory.support.DefaultListableBeanFactory@373c0b53: defining beans [org.springframework.beans.factory.config.PropertyPlaceholderConfigurer#0,fieldContextProcessor,documentContextProcessor,documentBuilderFactory,documentBuilder,xPathFactory,xPath]; root of factory hierarchy
13:56:26,444  INFO DefaultListableBeanFactory:433 - Destroying singletons in org.springframework.beans.factory.support.DefaultListableBeanFactory@373c0b53: defining beans [org.springframework.beans.factory.config.PropertyPlaceholderConfigurer#0,fieldContextProcessor,documentContextProcessor,documentBuilderFactory,documentBuilder,xPathFactory,xPath]; root of factory hierarchy
14:04:30,529  INFO ClassPathXmlApplicationContext:495 - Refreshing org.springframework.context.support.ClassPathXmlApplicationContext@26fd68b1: startup date [Tue Jan 07 14:04:30 GMT+05:30 2014]; root of context hierarchy
14:04:30,600  INFO XmlBeanDefinitionReader:315 - Loading XML bean definitions from class path resource [application-Context.xml]
14:04:30,927  INFO PropertyPlaceholderConfigurer:177 - Loading properties file from class path resource [application.properties]
14:04:30,942  INFO DefaultListableBeanFactory:557 - Pre-instantiating singletons in org.springframework.beans.factory.support.DefaultListableBeanFactory@373c0b53: defining beans [org.springframework.beans.factory.config.PropertyPlaceholderConfigurer#0,fieldContextProcessor,documentContextProcessor,documentBuilderFactory,documentBuilder,xPathFactory,xPath]; root of factory hierarchy
14:04:30,974  INFO DefaultListableBeanFactory:433 - Destroying singletons in org.springframework.beans.factory.support.DefaultListableBeanFactory@373c0b53: defining beans [org.springframework.beans.factory.config.PropertyPlaceholderConfigurer#0,fieldContextProcessor,documentContextProcessor,documentBuilderFactory,documentBuilder,xPathFactory,xPath]; root of factory hierarchy
14:10:45,522  INFO ClassPathXmlApplicationContext:495 - Refreshing org.springframework.context.support.ClassPathXmlApplicationContext@3934f69a: startup date [Tue Jan 07 14:10:45 GMT+05:30 2014]; root of context hierarchy
14:10:45,573  INFO XmlBeanDefinitionReader:315 - Loading XML bean definitions from class path resource [application-Context.xml]
14:10:45,847  INFO PropertyPlaceholderConfigurer:177 - Loading properties file from class path resource [application.properties]
14:10:45,858  INFO DefaultListableBeanFactory:557 - Pre-instantiating singletons in org.springframework.beans.factory.support.DefaultListableBeanFactory@53343ed0: defining beans [org.springframework.beans.factory.config.PropertyPlaceholderConfigurer#0,fieldContextProcessor,documentContextProcessor,documentBuilderFactory,documentBuilder,xPathFactory,xPath]; root of factory hierarchy
14:10:45,886  INFO DefaultListableBeanFactory:433 - Destroying singletons in org.springframework.beans.factory.support.DefaultListableBeanFactory@53343ed0: defining beans [org.springframework.beans.factory.config.PropertyPlaceholderConfigurer#0,fieldContextProcessor,documentContextProcessor,documentBuilderFactory,documentBuilder,xPathFactory,xPath]; root of factory hierarchy
14:11:25,079  INFO ClassPathXmlApplicationContext:495 - Refreshing org.springframework.context.support.ClassPathXmlApplicationContext@3934f69a: startup date [Tue Jan 07 14:11:25 GMT+05:30 2014]; root of context hierarchy
14:11:25,133  INFO XmlBeanDefinitionReader:315 - Loading XML bean definitions from class path resource [application-Context.xml]
14:11:25,433  INFO PropertyPlaceholderConfigurer:177 - Loading properties file from class path resource [application.properties]
14:11:25,444  INFO DefaultListableBeanFactory:557 - Pre-instantiating singletons in org.springframework.beans.factory.support.DefaultListableBeanFactory@b07f45d: defining beans [org.springframework.beans.factory.config.PropertyPlaceholderConfigurer#0,fieldContextProcessor,documentContextProcessor,documentBuilderFactory,documentBuilder,xPathFactory,xPath]; root of factory hierarchy
14:11:25,474  INFO DefaultListableBeanFactory:433 - Destroying singletons in org.springframework.beans.factory.support.DefaultListableBeanFactory@b07f45d: defining beans [org.springframework.beans.factory.config.PropertyPlaceholderConfigurer#0,fieldContextProcessor,documentContextProcessor,documentBuilderFactory,documentBuilder,xPathFactory,xPath]; root of factory hierarchy
14:14:59,031  INFO ClassPathXmlApplicationContext:495 - Refreshing org.springframework.context.support.ClassPathXmlApplicationContext@442a15cd: startup date [Tue Jan 07 14:14:59 GMT+05:30 2014]; root of context hierarchy
14:14:59,085  INFO XmlBeanDefinitionReader:315 - Loading XML bean definitions from class path resource [application-Context.xml]
14:14:59,377  INFO PropertyPlaceholderConfigurer:177 - Loading properties file from class path resource [application.properties]
14:14:59,387  INFO DefaultListableBeanFactory:557 - Pre-instantiating singletons in org.springframework.beans.factory.support.DefaultListableBeanFactory@b07f45d: defining beans [org.springframework.beans.factory.config.PropertyPlaceholderConfigurer#0,fieldContextProcessor,documentContextProcessor,documentBuilderFactory,documentBuilder,xPathFactory,xPath]; root of factory hierarchy
14:14:59,415  INFO DefaultListableBeanFactory:433 - Destroying singletons in org.springframework.beans.factory.support.DefaultListableBeanFactory@b07f45d: defining beans [org.springframework.beans.factory.config.PropertyPlaceholderConfigurer#0,fieldContextProcessor,documentContextProcessor,documentBuilderFactory,documentBuilder,xPathFactory,xPath]; root of factory hierarchy
14:15:31,906  INFO ClassPathXmlApplicationContext:495 - Refreshing org.springframework.context.support.ClassPathXmlApplicationContext@3934f69a: startup date [Tue Jan 07 14:15:31 GMT+05:30 2014]; root of context hierarchy
14:15:31,963  INFO XmlBeanDefinitionReader:315 - Loading XML bean definitions from class path resource [application-Context.xml]
14:15:32,240  INFO PropertyPlaceholderConfigurer:177 - Loading properties file from class path resource [application.properties]
14:15:32,251  INFO DefaultListableBeanFactory:557 - Pre-instantiating singletons in org.springframework.beans.factory.support.DefaultListableBeanFactory@b07f45d: defining beans [org.springframework.beans.factory.config.PropertyPlaceholderConfigurer#0,fieldContextProcessor,documentContextProcessor,documentBuilderFactory,documentBuilder,xPathFactory,xPath]; root of factory hierarchy
14:15:32,386  INFO DefaultListableBeanFactory:433 - Destroying singletons in org.springframework.beans.factory.support.DefaultListableBeanFactory@b07f45d: defining beans [org.springframework.beans.factory.config.PropertyPlaceholderConfigurer#0,fieldContextProcessor,documentContextProcessor,documentBuilderFactory,documentBuilder,xPathFactory,xPath]; root of factory hierarchy
14:17:20,572  INFO ClassPathXmlApplicationContext:495 - Refreshing org.springframework.context.support.ClassPathXmlApplicationContext@3934f69a: startup date [Tue Jan 07 14:17:20 GMT+05:30 2014]; root of context hierarchy
14:17:20,622  INFO XmlBeanDefinitionReader:315 - Loading XML bean definitions from class path resource [application-Context.xml]
14:17:20,913  INFO PropertyPlaceholderConfigurer:177 - Loading properties file from class path resource [application.properties]
14:17:20,927  INFO DefaultListableBeanFactory:557 - Pre-instantiating singletons in org.springframework.beans.factory.support.DefaultListableBeanFactory@53343ed0: defining beans [org.springframework.beans.factory.config.PropertyPlaceholderConfigurer#0,fieldContextProcessor,documentContextProcessor,documentBuilderFactory,documentBuilder,xPathFactory,xPath]; root of factory hierarchy
14:17:21,000  INFO DefaultListableBeanFactory:433 - Destroying singletons in org.springframework.beans.factory.support.DefaultListableBeanFactory@53343ed0: defining beans [org.springframework.beans.factory.config.PropertyPlaceholderConfigurer#0,fieldContextProcessor,documentContextProcessor,documentBuilderFactory,documentBuilder,xPathFactory,xPath]; root of factory hierarchy
14:18:05,740  INFO ClassPathXmlApplicationContext:495 - Refreshing org.springframework.context.support.ClassPathXmlApplicationContext@49e808ca: startup date [Tue Jan 07 14:18:05 GMT+05:30 2014]; root of context hierarchy
14:18:05,794  INFO XmlBeanDefinitionReader:315 - Loading XML bean definitions from class path resource [application-Context.xml]
14:18:06,099  INFO PropertyPlaceholderConfigurer:177 - Loading properties file from class path resource [application.properties]
14:18:06,111  INFO DefaultListableBeanFactory:557 - Pre-instantiating singletons in org.springframework.beans.factory.support.DefaultListableBeanFactory@3fb2d7df: defining beans [org.springframework.beans.factory.config.PropertyPlaceholderConfigurer#0,fieldContextProcessor,documentContextProcessor,documentBuilderFactory,documentBuilder,xPathFactory,xPath]; root of factory hierarchy
14:19:50,219  INFO DefaultListableBeanFactory:433 - Destroying singletons in org.springframework.beans.factory.support.DefaultListableBeanFactory@3fb2d7df: defining beans [org.springframework.beans.factory.config.PropertyPlaceholderConfigurer#0,fieldContextProcessor,documentContextProcessor,documentBuilderFactory,documentBuilder,xPathFactory,xPath]; root of factory hierarchy
14:21:07,215  INFO ClassPathXmlApplicationContext:495 - Refreshing org.springframework.context.support.ClassPathXmlApplicationContext@5a676437: startup date [Tue Jan 07 14:21:07 GMT+05:30 2014]; root of context hierarchy
14:21:07,274  INFO XmlBeanDefinitionReader:315 - Loading XML bean definitions from class path resource [application-Context.xml]
14:21:07,660  INFO PropertyPlaceholderConfigurer:177 - Loading properties file from class path resource [application.properties]
14:21:07,676  INFO DefaultListableBeanFactory:557 - Pre-instantiating singletons in org.springframework.beans.factory.support.DefaultListableBeanFactory@616fdac: defining beans [org.springframework.beans.factory.config.PropertyPlaceholderConfigurer#0,fieldContextProcessor,documentContextProcessor,documentBuilderFactory,documentBuilder,xPathFactory,xPath]; root of factory hierarchy
14:22:37,107  INFO ClassPathXmlApplicationContext:495 - Refreshing org.springframework.context.support.ClassPathXmlApplicationContext@39e4853f: startup date [Tue Jan 07 14:22:37 GMT+05:30 2014]; root of context hierarchy
14:22:37,161  INFO XmlBeanDefinitionReader:315 - Loading XML bean definitions from class path resource [application-Context.xml]
14:22:37,466  INFO PropertyPlaceholderConfigurer:177 - Loading properties file from class path resource [application.properties]
14:22:37,477  INFO DefaultListableBeanFactory:557 - Pre-instantiating singletons in org.springframework.beans.factory.support.DefaultListableBeanFactory@616fdac: defining beans [org.springframework.beans.factory.config.PropertyPlaceholderConfigurer#0,fieldContextProcessor,documentContextProcessor,documentBuilderFactory,documentBuilder,xPathFactory,xPath]; root of factory hierarchy
14:45:40,025  INFO ClassPathXmlApplicationContext:495 - Refreshing org.springframework.context.support.ClassPathXmlApplicationContext@442a15cd: startup date [Tue Jan 07 14:45:40 GMT+05:30 2014]; root of context hierarchy
14:45:40,081  INFO XmlBeanDefinitionReader:315 - Loading XML bean definitions from class path resource [application-Context.xml]
14:45:40,363  INFO PropertyPlaceholderConfigurer:177 - Loading properties file from class path resource [application.properties]
14:45:40,374  INFO DefaultListableBeanFactory:557 - Pre-instantiating singletons in org.springframework.beans.factory.support.DefaultListableBeanFactory@b07f45d: defining beans [org.springframework.beans.factory.config.PropertyPlaceholderConfigurer#0,fieldContextProcessor,documentContextProcessor,documentBuilderFactory,documentBuilder,xPathFactory,xPath,indexBuilder]; root of factory hierarchy
14:45:40,445  INFO DefaultListableBeanFactory:433 - Destroying singletons in org.springframework.beans.factory.support.DefaultListableBeanFactory@b07f45d: defining beans [org.springframework.beans.factory.config.PropertyPlaceholderConfigurer#0,fieldContextProcessor,documentContextProcessor,documentBuilderFactory,documentBuilder,xPathFactory,xPath,indexBuilder]; root of factory hierarchy
14:46:16,952  INFO ClassPathXmlApplicationContext:495 - Refreshing org.springframework.context.support.ClassPathXmlApplicationContext@3934f69a: startup date [Tue Jan 07 14:46:16 GMT+05:30 2014]; root of context hierarchy
14:46:17,007  INFO XmlBeanDefinitionReader:315 - Loading XML bean definitions from class path resource [application-Context.xml]
14:46:17,280  INFO PropertyPlaceholderConfigurer:177 - Loading properties file from class path resource [application.properties]
14:46:17,291  INFO DefaultListableBeanFactory:557 - Pre-instantiating singletons in org.springframework.beans.factory.support.DefaultListableBeanFactory@b07f45d: defining beans [org.springframework.beans.factory.config.PropertyPlaceholderConfigurer#0,fieldContextProcessor,documentContextProcessor,documentBuilderFactory,documentBuilder,xPathFactory,xPath,indexBuilder]; root of factory hierarchy
14:46:17,371  INFO DefaultListableBeanFactory:433 - Destroying singletons in org.springframework.beans.factory.support.DefaultListableBeanFactory@b07f45d: defining beans [org.springframework.beans.factory.config.PropertyPlaceholderConfigurer#0,fieldContextProcessor,documentContextProcessor,documentBuilderFactory,documentBuilder,xPathFactory,xPath,indexBuilder]; root of factory hierarchy
14:47:13,471  INFO ClassPathXmlApplicationContext:495 - Refreshing org.springframework.context.support.ClassPathXmlApplicationContext@6426d607: startup date [Tue Jan 07 14:47:13 GMT+05:30 2014]; root of context hierarchy
14:47:13,525  INFO XmlBeanDefinitionReader:315 - Loading XML bean definitions from class path resource [application-Context.xml]
14:47:13,837  INFO PropertyPlaceholderConfigurer:177 - Loading properties file from class path resource [application.properties]
14:47:13,850  INFO DefaultListableBeanFactory:557 - Pre-instantiating singletons in org.springframework.beans.factory.support.DefaultListableBeanFactory@1958015a: defining beans [org.springframework.beans.factory.config.PropertyPlaceholderConfigurer#0,fieldContextProcessor,documentContextProcessor,documentBuilderFactory,documentBuilder,xPathFactory,xPath,indexBuilder]; root of factory hierarchy
14:47:36,243  INFO DefaultListableBeanFactory:433 - Destroying singletons in org.springframework.beans.factory.support.DefaultListableBeanFactory@1958015a: defining beans [org.springframework.beans.factory.config.PropertyPlaceholderConfigurer#0,fieldContextProcessor,documentContextProcessor,documentBuilderFactory,documentBuilder,xPathFactory,xPath,indexBuilder]; root of factory hierarchy
14:47:58,449  INFO ClassPathXmlApplicationContext:495 - Refreshing org.springframework.context.support.ClassPathXmlApplicationContext@2802bd3a: startup date [Tue Jan 07 14:47:58 GMT+05:30 2014]; root of context hierarchy
14:47:58,522  INFO XmlBeanDefinitionReader:315 - Loading XML bean definitions from class path resource [application-Context.xml]
14:47:58,848  INFO PropertyPlaceholderConfigurer:177 - Loading properties file from class path resource [application.properties]
14:47:58,861  INFO DefaultListableBeanFactory:557 - Pre-instantiating singletons in org.springframework.beans.factory.support.DefaultListableBeanFactory@767a9224: defining beans [org.springframework.beans.factory.config.PropertyPlaceholderConfigurer#0,fieldContextProcessor,documentContextProcessor,documentBuilderFactory,documentBuilder,xPathFactory,xPath,indexBuilder]; root of factory hierarchy
14:50:00,686  INFO ClassPathXmlApplicationContext:495 - Refreshing org.springframework.context.support.ClassPathXmlApplicationContext@2802bd3a: startup date [Tue Jan 07 14:50:00 GMT+05:30 2014]; root of context hierarchy
14:50:00,764  INFO XmlBeanDefinitionReader:315 - Loading XML bean definitions from class path resource [application-Context.xml]
14:50:01,071  INFO PropertyPlaceholderConfigurer:177 - Loading properties file from class path resource [application.properties]
14:50:01,083  INFO DefaultListableBeanFactory:557 - Pre-instantiating singletons in org.springframework.beans.factory.support.DefaultListableBeanFactory@6910b640: defining beans [org.springframework.beans.factory.config.PropertyPlaceholderConfigurer#0,fieldContextProcessor,documentContextProcessor,documentBuilderFactory,documentBuilder,xPathFactory,xPath,indexBuilder]; root of factory hierarchy
14:53:22,287  INFO ClassPathXmlApplicationContext:495 - Refreshing org.springframework.context.support.ClassPathXmlApplicationContext@4bd53f5b: startup date [Tue Jan 07 14:53:22 GMT+05:30 2014]; root of context hierarchy
14:53:22,341  INFO XmlBeanDefinitionReader:315 - Loading XML bean definitions from class path resource [application-Context.xml]
14:53:22,665  INFO PropertyPlaceholderConfigurer:177 - Loading properties file from class path resource [application.properties]
14:53:22,678  INFO DefaultListableBeanFactory:557 - Pre-instantiating singletons in org.springframework.beans.factory.support.DefaultListableBeanFactory@6910b640: defining beans [org.springframework.beans.factory.config.PropertyPlaceholderConfigurer#0,fieldContextProcessor,documentContextProcessor,documentBuilderFactory,documentBuilder,xPathFactory,xPath,indexBuilder]; root of factory hierarchy
14:55:16,706  INFO ClassPathXmlApplicationContext:495 - Refreshing org.springframework.context.support.ClassPathXmlApplicationContext@442a15cd: startup date [Tue Jan 07 14:55:16 GMT+05:30 2014]; root of context hierarchy
14:55:16,763  INFO XmlBeanDefinitionReader:315 - Loading XML bean definitions from class path resource [application-Context.xml]
14:55:17,031  INFO PropertyPlaceholderConfigurer:177 - Loading properties file from class path resource [application.properties]
14:55:17,041  INFO DefaultListableBeanFactory:557 - Pre-instantiating singletons in org.springframework.beans.factory.support.DefaultListableBeanFactory@b07f45d: defining beans [org.springframework.beans.factory.config.PropertyPlaceholderConfigurer#0,fieldContextProcessor,documentContextProcessor,documentBuilderFactory,documentBuilder,xPathFactory,xPath,indexBuilder]; root of factory hierarchy
14:55:17,116  INFO DefaultListableBeanFactory:433 - Destroying singletons in org.springframework.beans.factory.support.DefaultListableBeanFactory@b07f45d: defining beans [org.springframework.beans.factory.config.PropertyPlaceholderConfigurer#0,fieldContextProcessor,documentContextProcessor,documentBuilderFactory,documentBuilder,xPathFactory,xPath,indexBuilder]; root of factory hierarchy
14:55:22,947  INFO ClassPathXmlApplicationContext:495 - Refreshing org.springframework.context.support.ClassPathXmlApplicationContext@49e808ca: startup date [Tue Jan 07 14:55:22 GMT+05:30 2014]; root of context hierarchy
14:55:23,007  INFO XmlBeanDefinitionReader:315 - Loading XML bean definitions from class path resource [application-Context.xml]
14:55:23,323  INFO PropertyPlaceholderConfigurer:177 - Loading properties file from class path resource [application.properties]
14:55:23,335  INFO DefaultListableBeanFactory:557 - Pre-instantiating singletons in org.springframework.beans.factory.support.DefaultListableBeanFactory@4f682a53: defining beans [org.springframework.beans.factory.config.PropertyPlaceholderConfigurer#0,fieldContextProcessor,documentContextProcessor,documentBuilderFactory,documentBuilder,xPathFactory,xPath,indexBuilder]; root of factory hierarchy
14:58:28,761  INFO DefaultListableBeanFactory:433 - Destroying singletons in org.springframework.beans.factory.support.DefaultListableBeanFactory@4f682a53: defining beans [org.springframework.beans.factory.config.PropertyPlaceholderConfigurer#0,fieldContextProcessor,documentContextProcessor,documentBuilderFactory,documentBuilder,xPathFactory,xPath,indexBuilder]; root of factory hierarchy
14:58:50,531  INFO ClassPathXmlApplicationContext:495 - Refreshing org.springframework.context.support.ClassPathXmlApplicationContext@2802bd3a: startup date [Tue Jan 07 14:58:50 GMT+05:30 2014]; root of context hierarchy
14:58:50,602  INFO XmlBeanDefinitionReader:315 - Loading XML bean definitions from class path resource [application-Context.xml]
14:58:50,920  INFO PropertyPlaceholderConfigurer:177 - Loading properties file from class path resource [application.properties]
14:58:50,932  INFO DefaultListableBeanFactory:557 - Pre-instantiating singletons in org.springframework.beans.factory.support.DefaultListableBeanFactory@767a9224: defining beans [org.springframework.beans.factory.config.PropertyPlaceholderConfigurer#0,fieldContextProcessor,documentContextProcessor,documentBuilderFactory,documentBuilder,xPathFactory,xPath,indexBuilder]; root of factory hierarchy
15:00:06,684  INFO ClassPathXmlApplicationContext:495 - Refreshing org.springframework.context.support.ClassPathXmlApplicationContext@49e808ca: startup date [Tue Jan 07 15:00:06 GMT+05:30 2014]; root of context hierarchy
15:00:06,742  INFO XmlBeanDefinitionReader:315 - Loading XML bean definitions from class path resource [application-Context.xml]
15:00:07,064  INFO PropertyPlaceholderConfigurer:177 - Loading properties file from class path resource [application.properties]
15:00:07,081  INFO DefaultListableBeanFactory:557 - Pre-instantiating singletons in org.springframework.beans.factory.support.DefaultListableBeanFactory@3fb2d7df: defining beans [org.springframework.beans.factory.config.PropertyPlaceholderConfigurer#0,fieldContextProcessor,documentContextProcessor,documentBuilderFactory,documentBuilder,xPathFactory,xPath,indexBuilder]; root of factory hierarchy
15:01:49,568  INFO DefaultListableBeanFactory:433 - Destroying singletons in org.springframework.beans.factory.support.DefaultListableBeanFactory@3fb2d7df: defining beans [org.springframework.beans.factory.config.PropertyPlaceholderConfigurer#0,fieldContextProcessor,documentContextProcessor,documentBuilderFactory,documentBuilder,xPathFactory,xPath,indexBuilder]; root of factory hierarchy
15:02:14,207  INFO ClassPathXmlApplicationContext:495 - Refreshing org.springframework.context.support.ClassPathXmlApplicationContext@20992bae: startup date [Tue Jan 07 15:02:14 GMT+05:30 2014]; root of context hierarchy
15:02:14,285  INFO XmlBeanDefinitionReader:315 - Loading XML bean definitions from class path resource [application-Context.xml]
15:02:14,591  INFO PropertyPlaceholderConfigurer:177 - Loading properties file from class path resource [application.properties]
15:02:14,605  INFO DefaultListableBeanFactory:557 - Pre-instantiating singletons in org.springframework.beans.factory.support.DefaultListableBeanFactory@3fb2d7df: defining beans [org.springframework.beans.factory.config.PropertyPlaceholderConfigurer#0,fieldContextProcessor,documentContextProcessor,documentBuilderFactory,documentBuilder,xPathFactory,xPath,indexBuilder]; root of factory hierarchy
15:04:10,234  INFO DefaultListableBeanFactory:433 - Destroying singletons in org.springframework.beans.factory.support.DefaultListableBeanFactory@3fb2d7df: defining beans [org.springframework.beans.factory.config.PropertyPlaceholderConfigurer#0,fieldContextProcessor,documentContextProcessor,documentBuilderFactory,documentBuilder,xPathFactory,xPath,indexBuilder]; root of factory hierarchy
15:04:48,510  INFO ClassPathXmlApplicationContext:495 - Refreshing org.springframework.context.support.ClassPathXmlApplicationContext@75982fc1: startup date [Tue Jan 07 15:04:48 GMT+05:30 2014]; root of context hierarchy
15:04:48,567  INFO XmlBeanDefinitionReader:315 - Loading XML bean definitions from class path resource [application-Context.xml]
15:04:48,899  INFO PropertyPlaceholderConfigurer:177 - Loading properties file from class path resource [application.properties]
15:04:48,910  INFO DefaultListableBeanFactory:557 - Pre-instantiating singletons in org.springframework.beans.factory.support.DefaultListableBeanFactory@600dac21: defining beans [org.springframework.beans.factory.config.PropertyPlaceholderConfigurer#0,fieldContextProcessor,documentContextProcessor,documentBuilderFactory,documentBuilder,xPathFactory,xPath,indexBuilder]; root of factory hierarchy
15:04:55,995  INFO DefaultListableBeanFactory:433 - Destroying singletons in org.springframework.beans.factory.support.DefaultListableBeanFactory@600dac21: defining beans [org.springframework.beans.factory.config.PropertyPlaceholderConfigurer#0,fieldContextProcessor,documentContextProcessor,documentBuilderFactory,documentBuilder,xPathFactory,xPath,indexBuilder]; root of factory hierarchy
15:06:11,816  INFO ClassPathXmlApplicationContext:495 - Refreshing org.springframework.context.support.ClassPathXmlApplicationContext@75982fc1: startup date [Tue Jan 07 15:06:11 GMT+05:30 2014]; root of context hierarchy
15:06:11,878  INFO XmlBeanDefinitionReader:315 - Loading XML bean definitions from class path resource [application-Context.xml]
15:06:12,186  INFO PropertyPlaceholderConfigurer:177 - Loading properties file from class path resource [application.properties]
15:06:12,199  INFO DefaultListableBeanFactory:557 - Pre-instantiating singletons in org.springframework.beans.factory.support.DefaultListableBeanFactory@600dac21: defining beans [org.springframework.beans.factory.config.PropertyPlaceholderConfigurer#0,fieldContextProcessor,documentContextProcessor,documentBuilderFactory,documentBuilder,xPathFactory,xPath,indexBuilder]; root of factory hierarchy
15:06:30,587  INFO DefaultListableBeanFactory:433 - Destroying singletons in org.springframework.beans.factory.support.DefaultListableBeanFactory@600dac21: defining beans [org.springframework.beans.factory.config.PropertyPlaceholderConfigurer#0,fieldContextProcessor,documentContextProcessor,documentBuilderFactory,documentBuilder,xPathFactory,xPath,indexBuilder]; root of factory hierarchy
15:06:36,887  INFO ClassPathXmlApplicationContext:495 - Refreshing org.springframework.context.support.ClassPathXmlApplicationContext@49e808ca: startup date [Tue Jan 07 15:06:36 GMT+05:30 2014]; root of context hierarchy
15:06:36,948  INFO XmlBeanDefinitionReader:315 - Loading XML bean definitions from class path resource [application-Context.xml]
15:06:37,251  INFO PropertyPlaceholderConfigurer:177 - Loading properties file from class path resource [application.properties]
15:06:37,262  INFO DefaultListableBeanFactory:557 - Pre-instantiating singletons in org.springframework.beans.factory.support.DefaultListableBeanFactory@4f682a53: defining beans [org.springframework.beans.factory.config.PropertyPlaceholderConfigurer#0,fieldContextProcessor,documentContextProcessor,documentBuilderFactory,documentBuilder,xPathFactory,xPath,indexBuilder]; root of factory hierarchy
15:08:33,290  INFO ClassPathXmlApplicationContext:495 - Refreshing org.springframework.context.support.ClassPathXmlApplicationContext@2802bd3a: startup date [Tue Jan 07 15:08:33 GMT+05:30 2014]; root of context hierarchy
15:08:33,352  INFO XmlBeanDefinitionReader:315 - Loading XML bean definitions from class path resource [application-Context.xml]
15:08:33,674  INFO PropertyPlaceholderConfigurer:177 - Loading properties file from class path resource [application.properties]
15:08:33,686  INFO DefaultListableBeanFactory:557 - Pre-instantiating singletons in org.springframework.beans.factory.support.DefaultListableBeanFactory@767a9224: defining beans [org.springframework.beans.factory.config.PropertyPlaceholderConfigurer#0,fieldContextProcessor,documentContextProcessor,documentBuilderFactory,documentBuilder,xPathFactory,xPath,indexBuilder]; root of factory hierarchy
15:10:02,566  INFO DefaultListableBeanFactory:433 - Destroying singletons in org.springframework.beans.factory.support.DefaultListableBeanFactory@767a9224: defining beans [org.springframework.beans.factory.config.PropertyPlaceholderConfigurer#0,fieldContextProcessor,documentContextProcessor,documentBuilderFactory,documentBuilder,xPathFactory,xPath,indexBuilder]; root of factory hierarchy
15:10:10,355  INFO ClassPathXmlApplicationContext:495 - Refreshing org.springframework.context.support.ClassPathXmlApplicationContext@49e808ca: startup date [Tue Jan 07 15:10:10 GMT+05:30 2014]; root of context hierarchy
15:10:10,426  INFO XmlBeanDefinitionReader:315 - Loading XML bean definitions from class path resource [application-Context.xml]
15:10:10,755  INFO PropertyPlaceholderConfigurer:177 - Loading properties file from class path resource [application.properties]
15:10:10,767  INFO DefaultListableBeanFactory:557 - Pre-instantiating singletons in org.springframework.beans.factory.support.DefaultListableBeanFactory@4f682a53: defining beans [org.springframework.beans.factory.config.PropertyPlaceholderConfigurer#0,fieldContextProcessor,documentContextProcessor,documentBuilderFactory,documentBuilder,xPathFactory,xPath,indexBuilder]; root of factory hierarchy
15:10:31,670  INFO DefaultListableBeanFactory:433 - Destroying singletons in org.springframework.beans.factory.support.DefaultListableBeanFactory@4f682a53: defining beans [org.springframework.beans.factory.config.PropertyPlaceholderConfigurer#0,fieldContextProcessor,documentContextProcessor,documentBuilderFactory,documentBuilder,xPathFactory,xPath,indexBuilder]; root of factory hierarchy
15:11:47,218  INFO ClassPathXmlApplicationContext:495 - Refreshing org.springframework.context.support.ClassPathXmlApplicationContext@49e808ca: startup date [Tue Jan 07 15:11:47 GMT+05:30 2014]; root of context hierarchy
15:11:47,278  INFO XmlBeanDefinitionReader:315 - Loading XML bean definitions from class path resource [application-Context.xml]
15:11:47,585  INFO PropertyPlaceholderConfigurer:177 - Loading properties file from class path resource [application.properties]
15:11:47,597  INFO DefaultListableBeanFactory:557 - Pre-instantiating singletons in org.springframework.beans.factory.support.DefaultListableBeanFactory@4f682a53: defining beans [org.springframework.beans.factory.config.PropertyPlaceholderConfigurer#0,fieldContextProcessor,documentContextProcessor,documentBuilderFactory,documentBuilder,xPathFactory,xPath,indexBuilder]; root of factory hierarchy
15:13:25,241  INFO ClassPathXmlApplicationContext:495 - Refreshing org.springframework.context.support.ClassPathXmlApplicationContext@5a676437: startup date [Tue Jan 07 15:13:25 GMT+05:30 2014]; root of context hierarchy
15:13:25,295  INFO XmlBeanDefinitionReader:315 - Loading XML bean definitions from class path resource [application-Context.xml]
15:13:25,607  INFO PropertyPlaceholderConfigurer:177 - Loading properties file from class path resource [application.properties]
15:13:25,618  INFO DefaultListableBeanFactory:557 - Pre-instantiating singletons in org.springframework.beans.factory.support.DefaultListableBeanFactory@219fdbcb: defining beans [org.springframework.beans.factory.config.PropertyPlaceholderConfigurer#0,fieldContextProcessor,documentContextProcessor,documentBuilderFactory,documentBuilder,xPathFactory,xPath,indexBuilder]; root of factory hierarchy
15:13:33,977  INFO DefaultListableBeanFactory:433 - Destroying singletons in org.springframework.beans.factory.support.DefaultListableBeanFactory@219fdbcb: defining beans [org.springframework.beans.factory.config.PropertyPlaceholderConfigurer#0,fieldContextProcessor,documentContextProcessor,documentBuilderFactory,documentBuilder,xPathFactory,xPath,indexBuilder]; root of factory hierarchy
15:14:01,061  INFO ClassPathXmlApplicationContext:495 - Refreshing org.springframework.context.support.ClassPathXmlApplicationContext@20992bae: startup date [Tue Jan 07 15:14:01 GMT+05:30 2014]; root of context hierarchy
15:14:01,115  INFO XmlBeanDefinitionReader:315 - Loading XML bean definitions from class path resource [application-Context.xml]
15:14:01,433  INFO PropertyPlaceholderConfigurer:177 - Loading properties file from class path resource [application.properties]
15:14:01,446  INFO DefaultListableBeanFactory:557 - Pre-instantiating singletons in org.springframework.beans.factory.support.DefaultListableBeanFactory@3fb2d7df: defining beans [org.springframework.beans.factory.config.PropertyPlaceholderConfigurer#0,fieldContextProcessor,documentContextProcessor,documentBuilderFactory,documentBuilder,xPathFactory,xPath,indexBuilder]; root of factory hierarchy
15:14:40,825  INFO DriverManagerDataSource:153 - Loaded JDBC driver: com.mysql.jdbc.Driver
15:14:41,079  INFO DefaultListableBeanFactory:433 - Destroying singletons in org.springframework.beans.factory.support.DefaultListableBeanFactory@3fb2d7df: defining beans [org.springframework.beans.factory.config.PropertyPlaceholderConfigurer#0,fieldContextProcessor,documentContextProcessor,documentBuilderFactory,documentBuilder,xPathFactory,xPath,indexBuilder]; root of factory hierarchy
15:15:40,310  INFO ClassPathXmlApplicationContext:495 - Refreshing org.springframework.context.support.ClassPathXmlApplicationContext@6426d607: startup date [Tue Jan 07 15:15:40 GMT+05:30 2014]; root of context hierarchy
15:15:40,379  INFO XmlBeanDefinitionReader:315 - Loading XML bean definitions from class path resource [application-Context.xml]
15:15:40,680  INFO PropertyPlaceholderConfigurer:177 - Loading properties file from class path resource [application.properties]
15:15:40,693  INFO DefaultListableBeanFactory:557 - Pre-instantiating singletons in org.springframework.beans.factory.support.DefaultListableBeanFactory@1958015a: defining beans [org.springframework.beans.factory.config.PropertyPlaceholderConfigurer#0,fieldContextProcessor,documentContextProcessor,documentBuilderFactory,documentBuilder,xPathFactory,xPath,indexBuilder]; root of factory hierarchy
15:15:55,179  INFO DriverManagerDataSource:153 - Loaded JDBC driver: com.mysql.jdbc.Driver
15:15:56,344  INFO DefaultListableBeanFactory:433 - Destroying singletons in org.springframework.beans.factory.support.DefaultListableBeanFactory@1958015a: defining beans [org.springframework.beans.factory.config.PropertyPlaceholderConfigurer#0,fieldContextProcessor,documentContextProcessor,documentBuilderFactory,documentBuilder,xPathFactory,xPath,indexBuilder]; root of factory hierarchy
15:16:44,462  INFO ClassPathXmlApplicationContext:495 - Refreshing org.springframework.context.support.ClassPathXmlApplicationContext@49e808ca: startup date [Tue Jan 07 15:16:44 GMT+05:30 2014]; root of context hierarchy
15:16:44,520  INFO XmlBeanDefinitionReader:315 - Loading XML bean definitions from class path resource [application-Context.xml]
15:16:44,825  INFO PropertyPlaceholderConfigurer:177 - Loading properties file from class path resource [application.properties]
15:16:44,836  INFO DefaultListableBeanFactory:557 - Pre-instantiating singletons in org.springframework.beans.factory.support.DefaultListableBeanFactory@4f682a53: defining beans [org.springframework.beans.factory.config.PropertyPlaceholderConfigurer#0,fieldContextProcessor,documentContextProcessor,documentBuilderFactory,documentBuilder,xPathFactory,xPath,indexBuilder]; root of factory hierarchy
15:16:44,959  INFO DriverManagerDataSource:153 - Loaded JDBC driver: com.mysql.jdbc.Driver
15:18:23,975  INFO ClassPathXmlApplicationContext:495 - Refreshing org.springframework.context.support.ClassPathXmlApplicationContext@1d329642: startup date [Tue Jan 07 15:18:23 GMT+05:30 2014]; root of context hierarchy
15:18:24,032  INFO XmlBeanDefinitionReader:315 - Loading XML bean definitions from class path resource [application-Context.xml]
15:18:24,341  INFO PropertyPlaceholderConfigurer:177 - Loading properties file from class path resource [application.properties]
15:18:24,353  INFO DefaultListableBeanFactory:557 - Pre-instantiating singletons in org.springframework.beans.factory.support.DefaultListableBeanFactory@482d59a3: defining beans [org.springframework.beans.factory.config.PropertyPlaceholderConfigurer#0,fieldContextProcessor,documentContextProcessor,documentBuilderFactory,documentBuilder,xPathFactory,xPath,indexBuilder]; root of factory hierarchy
15:18:24,492  INFO DriverManagerDataSource:153 - Loaded JDBC driver: com.mysql.jdbc.Driver
15:22:38,940  INFO DriverManagerDataSource:153 - Loaded JDBC driver: com.mysql.jdbc.Driver
15:22:52,487  INFO DefaultListableBeanFactory:433 - Destroying singletons in org.springframework.beans.factory.support.DefaultListableBeanFactory@482d59a3: defining beans [org.springframework.beans.factory.config.PropertyPlaceholderConfigurer#0,fieldContextProcessor,documentContextProcessor,documentBuilderFactory,documentBuilder,xPathFactory,xPath,indexBuilder]; root of factory hierarchy
15:23:13,406  INFO ClassPathXmlApplicationContext:495 - Refreshing org.springframework.context.support.ClassPathXmlApplicationContext@49e808ca: startup date [Tue Jan 07 15:23:13 GMT+05:30 2014]; root of context hierarchy
15:23:13,459  INFO XmlBeanDefinitionReader:315 - Loading XML bean definitions from class path resource [application-Context.xml]
15:23:13,775  INFO PropertyPlaceholderConfigurer:177 - Loading properties file from class path resource [application.properties]
15:23:13,786  INFO DefaultListableBeanFactory:557 - Pre-instantiating singletons in org.springframework.beans.factory.support.DefaultListableBeanFactory@4f682a53: defining beans [org.springframework.beans.factory.config.PropertyPlaceholderConfigurer#0,fieldContextProcessor,documentContextProcessor,documentBuilderFactory,documentBuilder,xPathFactory,xPath,indexBuilder]; root of factory hierarchy
15:24:04,988  INFO ClassPathXmlApplicationContext:495 - Refreshing org.springframework.context.support.ClassPathXmlApplicationContext@2802bd3a: startup date [Tue Jan 07 15:24:04 GMT+05:30 2014]; root of context hierarchy
15:24:05,050  INFO XmlBeanDefinitionReader:315 - Loading XML bean definitions from class path resource [application-Context.xml]
15:24:05,366  INFO PropertyPlaceholderConfigurer:177 - Loading properties file from class path resource [application.properties]
15:24:05,378  INFO DefaultListableBeanFactory:557 - Pre-instantiating singletons in org.springframework.beans.factory.support.DefaultListableBeanFactory@767a9224: defining beans [org.springframework.beans.factory.config.PropertyPlaceholderConfigurer#0,fieldContextProcessor,documentContextProcessor,documentBuilderFactory,documentBuilder,xPathFactory,xPath,indexBuilder]; root of factory hierarchy
15:27:06,704  INFO ClassPathXmlApplicationContext:495 - Refreshing org.springframework.context.support.ClassPathXmlApplicationContext@442a15cd: startup date [Tue Jan 07 15:27:06 GMT+05:30 2014]; root of context hierarchy
15:27:06,754  INFO XmlBeanDefinitionReader:315 - Loading XML bean definitions from class path resource [application-Context.xml]
15:27:07,012  INFO PropertyPlaceholderConfigurer:177 - Loading properties file from class path resource [application.properties]
15:27:07,023  INFO DefaultListableBeanFactory:557 - Pre-instantiating singletons in org.springframework.beans.factory.support.DefaultListableBeanFactory@b07f45d: defining beans [org.springframework.beans.factory.config.PropertyPlaceholderConfigurer#0,fieldContextProcessor,documentContextProcessor,documentBuilderFactory,documentBuilder,xPathFactory,xPath,indexBuilder]; root of factory hierarchy
15:27:07,091  INFO DefaultListableBeanFactory:433 - Destroying singletons in org.springframework.beans.factory.support.DefaultListableBeanFactory@b07f45d: defining beans [org.springframework.beans.factory.config.PropertyPlaceholderConfigurer#0,fieldContextProcessor,documentContextProcessor,documentBuilderFactory,documentBuilder,xPathFactory,xPath,indexBuilder]; root of factory hierarchy
15:28:59,674  INFO ClassPathXmlApplicationContext:495 - Refreshing org.springframework.context.support.ClassPathXmlApplicationContext@5a676437: startup date [Tue Jan 07 15:28:59 GMT+05:30 2014]; root of context hierarchy
15:28:59,752  INFO XmlBeanDefinitionReader:315 - Loading XML bean definitions from class path resource [application-Context.xml]
15:29:00,100  INFO PropertyPlaceholderConfigurer:177 - Loading properties file from class path resource [application.properties]
15:29:00,112  INFO DefaultListableBeanFactory:557 - Pre-instantiating singletons in org.springframework.beans.factory.support.DefaultListableBeanFactory@219fdbcb: defining beans [org.springframework.beans.factory.config.PropertyPlaceholderConfigurer#0,fieldContextProcessor,documentContextProcessor,documentBuilderFactory,documentBuilder,xPathFactory,xPath,indexBuilder]; root of factory hierarchy
15:29:07,962  INFO DefaultListableBeanFactory:433 - Destroying singletons in org.springframework.beans.factory.support.DefaultListableBeanFactory@219fdbcb: defining beans [org.springframework.beans.factory.config.PropertyPlaceholderConfigurer#0,fieldContextProcessor,documentContextProcessor,documentBuilderFactory,documentBuilder,xPathFactory,xPath,indexBuilder]; root of factory hierarchy
15:30:59,692  INFO ClassPathXmlApplicationContext:495 - Refreshing org.springframework.context.support.ClassPathXmlApplicationContext@442a15cd: startup date [Tue Jan 07 15:30:59 GMT+05:30 2014]; root of context hierarchy
15:30:59,747  INFO XmlBeanDefinitionReader:315 - Loading XML bean definitions from class path resource [application-Context.xml]
15:31:00,047  INFO PropertyPlaceholderConfigurer:177 - Loading properties file from class path resource [application.properties]
15:31:00,058  INFO DefaultListableBeanFactory:557 - Pre-instantiating singletons in org.springframework.beans.factory.support.DefaultListableBeanFactory@373c0b53: defining beans [org.springframework.beans.factory.config.PropertyPlaceholderConfigurer#0,fieldContextProcessor,documentContextProcessor,documentBuilderFactory,documentBuilder,xPathFactory,xPath,indexBuilder]; root of factory hierarchy
15:31:00,161  INFO DefaultListableBeanFactory:433 - Destroying singletons in org.springframework.beans.factory.support.DefaultListableBeanFactory@373c0b53: defining beans [org.springframework.beans.factory.config.PropertyPlaceholderConfigurer#0,fieldContextProcessor,documentContextProcessor,documentBuilderFactory,documentBuilder,xPathFactory,xPath,indexBuilder]; root of factory hierarchy
16:33:20,090  INFO ClassPathXmlApplicationContext:495 - Refreshing org.springframework.context.support.ClassPathXmlApplicationContext@442a15cd: startup date [Tue Jan 07 16:33:20 GMT+05:30 2014]; root of context hierarchy
16:33:20,160  INFO XmlBeanDefinitionReader:315 - Loading XML bean definitions from class path resource [application-Context.xml]
16:33:20,449  INFO PropertyPlaceholderConfigurer:177 - Loading properties file from class path resource [application.properties]
16:33:20,459  INFO DefaultListableBeanFactory:557 - Pre-instantiating singletons in org.springframework.beans.factory.support.DefaultListableBeanFactory@b07f45d: defining beans [org.springframework.beans.factory.config.PropertyPlaceholderConfigurer#0,fieldContextProcessor,documentContextProcessor,documentBuilderFactory,documentBuilder,xPathFactory,xPath,indexBuilder]; root of factory hierarchy
16:33:20,566  INFO DefaultListableBeanFactory:433 - Destroying singletons in org.springframework.beans.factory.support.DefaultListableBeanFactory@b07f45d: defining beans [org.springframework.beans.factory.config.PropertyPlaceholderConfigurer#0,fieldContextProcessor,documentContextProcessor,documentBuilderFactory,documentBuilder,xPathFactory,xPath,indexBuilder]; root of factory hierarchy
16:35:33,217  INFO ClassPathXmlApplicationContext:495 - Refreshing org.springframework.context.support.ClassPathXmlApplicationContext@3934f69a: startup date [Tue Jan 07 16:35:33 GMT+05:30 2014]; root of context hierarchy
16:35:33,269  INFO XmlBeanDefinitionReader:315 - Loading XML bean definitions from class path resource [application-Context.xml]
16:35:33,527  INFO PropertyPlaceholderConfigurer:177 - Loading properties file from class path resource [application.properties]
16:35:33,537  INFO DefaultListableBeanFactory:557 - Pre-instantiating singletons in org.springframework.beans.factory.support.DefaultListableBeanFactory@53343ed0: defining beans [org.springframework.beans.factory.config.PropertyPlaceholderConfigurer#0,fieldContextProcessor,documentContextProcessor,documentBuilderFactory,documentBuilder,xPathFactory,xPath,indexBuilder]; root of factory hierarchy
16:35:33,663  INFO DefaultListableBeanFactory:433 - Destroying singletons in org.springframework.beans.factory.support.DefaultListableBeanFactory@53343ed0: defining beans [org.springframework.beans.factory.config.PropertyPlaceholderConfigurer#0,fieldContextProcessor,documentContextProcessor,documentBuilderFactory,documentBuilder,xPathFactory,xPath,indexBuilder]; root of factory hierarchy
